<?xml version="1.0" encoding="UTF-8"?>
<coverage generated="1754697261535" clover="3.2.0">
  <project timestamp="1754697261535" name="All files">
    <metrics statements="165" coveredstatements="81" conditionals="58" coveredconditionals="21" methods="44" coveredmethods="26" elements="267" coveredelements="128" complexity="0" loc="165" ncloc="165" packages="17" files="31" classes="31"/>
    <package name="components.atoms">
      <metrics statements="0" coveredstatements="0" conditionals="0" coveredconditionals="0" methods="0" coveredmethods="0"/>
      <file name="index.ts" path="/Users/sibabale.joja/projects/personal/valu/client/src/components/atoms/index.ts">
        <metrics statements="0" coveredstatements="0" conditionals="0" coveredconditionals="0" methods="0" coveredmethods="0"/>
      </file>
    </package>
    <package name="components.atoms.button">
      <metrics statements="26" coveredstatements="21" conditionals="17" coveredconditionals="12" methods="9" coveredmethods="9"/>
      <file name="button.interface.ts" path="/Users/sibabale.joja/projects/personal/valu/client/src/components/atoms/button/button.interface.ts">
        <metrics statements="0" coveredstatements="0" conditionals="0" coveredconditionals="0" methods="0" coveredmethods="0"/>
      </file>
      <file name="button.styles.ts" path="/Users/sibabale.joja/projects/personal/valu/client/src/components/atoms/button/button.styles.ts">
        <metrics statements="24" coveredstatements="19" conditionals="14" coveredconditionals="9" methods="8" coveredmethods="8"/>
        <line num="4" count="4" type="stmt"/>
        <line num="5" count="336" type="cond" truecount="5" falsecount="1"/>
        <line num="7" count="9" type="stmt"/>
        <line num="9" count="54" type="stmt"/>
        <line num="11" count="60" type="stmt"/>
        <line num="13" count="45" type="stmt"/>
        <line num="15" count="168" type="stmt"/>
        <line num="17" count="0" type="stmt"/>
        <line num="21" count="4" type="stmt"/>
        <line num="22" count="224" type="cond" truecount="2" falsecount="4"/>
        <line num="24" count="216" type="stmt"/>
        <line num="26" count="0" type="stmt"/>
        <line num="28" count="0" type="stmt"/>
        <line num="30" count="8" type="stmt"/>
        <line num="32" count="0" type="stmt"/>
        <line num="34" count="0" type="stmt"/>
        <line num="38" count="4" type="stmt"/>
        <line num="39" count="112" type="stmt"/>
        <line num="40" count="112" type="stmt"/>
        <line num="46" count="112" type="cond" truecount="2" falsecount="0"/>
        <line num="48" count="112" type="stmt"/>
        <line num="51" count="4" type="stmt"/>
        <line num="52" count="112" type="stmt"/>
        <line num="53" count="112" type="stmt"/>
      </file>
      <file name="button.tsx" path="/Users/sibabale.joja/projects/personal/valu/client/src/components/atoms/button/button.tsx">
        <metrics statements="2" coveredstatements="2" conditionals="3" coveredconditionals="3" methods="1" coveredmethods="1"/>
        <line num="5" count="4" type="stmt"/>
        <line num="12" count="112" type="stmt"/>
      </file>
    </package>
    <package name="components.atoms.header">
      <metrics statements="6" coveredstatements="6" conditionals="0" coveredconditionals="0" methods="1" coveredmethods="1"/>
      <file name="header.interface.ts" path="/Users/sibabale.joja/projects/personal/valu/client/src/components/atoms/header/header.interface.ts">
        <metrics statements="0" coveredstatements="0" conditionals="0" coveredconditionals="0" methods="0" coveredmethods="0"/>
      </file>
      <file name="header.styles.ts" path="/Users/sibabale.joja/projects/personal/valu/client/src/components/atoms/header/header.styles.ts">
        <metrics statements="4" coveredstatements="4" conditionals="0" coveredconditionals="0" methods="0" coveredmethods="0"/>
        <line num="3" count="2" type="stmt"/>
        <line num="11" count="2" type="stmt"/>
        <line num="17" count="2" type="stmt"/>
        <line num="26" count="2" type="stmt"/>
      </file>
      <file name="header.tsx" path="/Users/sibabale.joja/projects/personal/valu/client/src/components/atoms/header/header.tsx">
        <metrics statements="2" coveredstatements="2" conditionals="0" coveredconditionals="0" methods="1" coveredmethods="1"/>
        <line num="7" count="2" type="stmt"/>
        <line num="12" count="31" type="stmt"/>
      </file>
    </package>
    <package name="components.atoms.icons">
      <metrics statements="2" coveredstatements="2" conditionals="1" coveredconditionals="0" methods="1" coveredmethods="1"/>
      <file name="info.tsx" path="/Users/sibabale.joja/projects/personal/valu/client/src/components/atoms/icons/info.tsx">
        <metrics statements="2" coveredstatements="2" conditionals="1" coveredconditionals="0" methods="1" coveredmethods="1"/>
        <line num="3" count="2" type="cond" truecount="0" falsecount="1"/>
        <line num="4" count="31" type="stmt"/>
      </file>
    </package>
    <package name="components.atoms.searchbar">
      <metrics statements="5" coveredstatements="5" conditionals="1" coveredconditionals="1" methods="1" coveredmethods="1"/>
      <file name="searchbar.interface.ts" path="/Users/sibabale.joja/projects/personal/valu/client/src/components/atoms/searchbar/searchbar.interface.ts">
        <metrics statements="0" coveredstatements="0" conditionals="0" coveredconditionals="0" methods="0" coveredmethods="0"/>
      </file>
      <file name="searchbar.styles.ts" path="/Users/sibabale.joja/projects/personal/valu/client/src/components/atoms/searchbar/searchbar.styles.ts">
        <metrics statements="3" coveredstatements="3" conditionals="0" coveredconditionals="0" methods="0" coveredmethods="0"/>
        <line num="3" count="2" type="stmt"/>
        <line num="8" count="2" type="stmt"/>
        <line num="20" count="2" type="stmt"/>
      </file>
      <file name="searchbar.tsx" path="/Users/sibabale.joja/projects/personal/valu/client/src/components/atoms/searchbar/searchbar.tsx">
        <metrics statements="2" coveredstatements="2" conditionals="1" coveredconditionals="1" methods="1" coveredmethods="1"/>
        <line num="5" count="2" type="stmt"/>
        <line num="11" count="32" type="stmt"/>
      </file>
    </package>
    <package name="components.molecules">
      <metrics statements="0" coveredstatements="0" conditionals="0" coveredconditionals="0" methods="0" coveredmethods="0"/>
      <file name="index.ts" path="/Users/sibabale.joja/projects/personal/valu/client/src/components/molecules/index.ts">
        <metrics statements="0" coveredstatements="0" conditionals="0" coveredconditionals="0" methods="0" coveredmethods="0"/>
      </file>
    </package>
    <package name="components.molecules.company-card">
      <metrics statements="23" coveredstatements="20" conditionals="7" coveredconditionals="4" methods="5" coveredmethods="3"/>
      <file name="companycard.interface.ts" path="/Users/sibabale.joja/projects/personal/valu/client/src/components/molecules/company-card/companycard.interface.ts">
        <metrics statements="0" coveredstatements="0" conditionals="0" coveredconditionals="0" methods="0" coveredmethods="0"/>
      </file>
      <file name="companycard.styles.ts" path="/Users/sibabale.joja/projects/personal/valu/client/src/components/molecules/company-card/companycard.styles.ts">
        <metrics statements="14" coveredstatements="12" conditionals="2" coveredconditionals="0" methods="3" coveredmethods="1"/>
        <line num="7" count="3" type="stmt"/>
        <line num="24" count="3" type="stmt"/>
        <line num="30" count="3" type="stmt"/>
        <line num="34" count="108" type="stmt"/>
        <line num="40" count="3" type="stmt"/>
        <line num="46" count="3" type="stmt"/>
        <line num="50" count="3" type="stmt"/>
        <line num="57" count="3" type="stmt"/>
        <line num="63" count="3" type="stmt"/>
        <line num="67" count="3" type="stmt"/>
        <line num="74" count="3" type="stmt"/>
        <line num="75" count="0" type="stmt"/>
        <line num="82" count="3" type="stmt"/>
        <line num="85" count="0" type="cond" truecount="0" falsecount="2"/>
      </file>
      <file name="companycard.tsx" path="/Users/sibabale.joja/projects/personal/valu/client/src/components/molecules/company-card/companycard.tsx">
        <metrics statements="9" coveredstatements="8" conditionals="5" coveredconditionals="4" methods="2" coveredmethods="2"/>
        <line num="16" count="3" type="stmt"/>
        <line num="17" count="108" type="cond" truecount="4" falsecount="1"/>
        <line num="19" count="18" type="stmt"/>
        <line num="21" count="19" type="stmt"/>
        <line num="23" count="15" type="stmt"/>
        <line num="25" count="56" type="stmt"/>
        <line num="27" count="0" type="stmt"/>
        <line num="30" count="3" type="stmt"/>
        <line num="35" count="108" type="stmt"/>
      </file>
    </package>
    <package name="components.organisms">
      <metrics statements="0" coveredstatements="0" conditionals="0" coveredconditionals="0" methods="0" coveredmethods="0"/>
      <file name="index.ts" path="/Users/sibabale.joja/projects/personal/valu/client/src/components/organisms/index.ts">
        <metrics statements="0" coveredstatements="0" conditionals="0" coveredconditionals="0" methods="0" coveredmethods="0"/>
      </file>
    </package>
    <package name="components.organisms.company-list">
      <metrics statements="11" coveredstatements="11" conditionals="2" coveredconditionals="2" methods="5" coveredmethods="5"/>
      <file name="companylist.interface.ts" path="/Users/sibabale.joja/projects/personal/valu/client/src/components/organisms/company-list/companylist.interface.ts">
        <metrics statements="0" coveredstatements="0" conditionals="0" coveredconditionals="0" methods="0" coveredmethods="0"/>
      </file>
      <file name="companylist.styles.ts" path="/Users/sibabale.joja/projects/personal/valu/client/src/components/organisms/company-list/companylist.styles.ts">
        <metrics statements="3" coveredstatements="3" conditionals="0" coveredconditionals="0" methods="0" coveredmethods="0"/>
        <line num="3" count="2" type="stmt"/>
        <line num="8" count="2" type="stmt"/>
        <line num="15" count="2" type="stmt"/>
      </file>
      <file name="companylist.tsx" path="/Users/sibabale.joja/projects/personal/valu/client/src/components/organisms/company-list/companylist.tsx">
        <metrics statements="8" coveredstatements="8" conditionals="2" coveredconditionals="2" methods="5" coveredmethods="5"/>
        <line num="7" count="2" type="stmt"/>
        <line num="11" count="31" type="cond" truecount="2" falsecount="0"/>
        <line num="12" count="12" type="stmt"/>
        <line num="19" count="19" type="stmt"/>
        <line num="20" count="105" type="stmt"/>
        <line num="23" count="120" type="stmt"/>
        <line num="25" count="19" type="stmt"/>
        <line num="33" count="86" type="stmt"/>
      </file>
    </package>
    <package name="components.pages">
      <metrics statements="0" coveredstatements="0" conditionals="0" coveredconditionals="0" methods="0" coveredmethods="0"/>
      <file name="index.ts" path="/Users/sibabale.joja/projects/personal/valu/client/src/components/pages/index.ts">
        <metrics statements="0" coveredstatements="0" conditionals="0" coveredconditionals="0" methods="0" coveredmethods="0"/>
      </file>
    </package>
    <package name="components.pages.home-page">
      <metrics statements="16" coveredstatements="16" conditionals="2" coveredconditionals="2" methods="6" coveredmethods="6"/>
      <file name="homepage.interface.ts" path="/Users/sibabale.joja/projects/personal/valu/client/src/components/pages/home-page/homepage.interface.ts">
        <metrics statements="0" coveredstatements="0" conditionals="0" coveredconditionals="0" methods="0" coveredmethods="0"/>
      </file>
      <file name="homepage.styles.ts" path="/Users/sibabale.joja/projects/personal/valu/client/src/components/pages/home-page/homepage.styles.ts">
        <metrics statements="2" coveredstatements="2" conditionals="0" coveredconditionals="0" methods="0" coveredmethods="0"/>
        <line num="3" count="1" type="stmt"/>
        <line num="9" count="1" type="stmt"/>
      </file>
      <file name="homepage.tsx" path="/Users/sibabale.joja/projects/personal/valu/client/src/components/pages/home-page/homepage.tsx">
        <metrics statements="14" coveredstatements="14" conditionals="2" coveredconditionals="2" methods="6" coveredmethods="6"/>
        <line num="12" count="1" type="stmt"/>
        <line num="16" count="28" type="stmt"/>
        <line num="17" count="28" type="stmt"/>
        <line num="19" count="28" type="stmt"/>
        <line num="20" count="14" type="stmt"/>
        <line num="21" count="98" type="cond" truecount="2" falsecount="0"/>
        <line num="24" count="14" type="stmt"/>
        <line num="27" count="28" type="stmt"/>
        <line num="28" count="10" type="stmt"/>
        <line num="31" count="28" type="stmt"/>
        <line num="32" count="1" type="stmt"/>
        <line num="35" count="28" type="stmt"/>
        <line num="36" count="1" type="stmt"/>
        <line num="39" count="28" type="stmt"/>
      </file>
    </package>
    <package name="navigation">
      <metrics statements="15" coveredstatements="0" conditionals="12" coveredconditionals="0" methods="4" coveredmethods="0"/>
      <file name="index.tsx" path="/Users/sibabale.joja/projects/personal/valu/client/src/navigation/index.tsx">
        <metrics statements="15" coveredstatements="0" conditionals="12" coveredconditionals="0" methods="4" coveredmethods="0"/>
        <line num="12" count="0" type="stmt"/>
        <line num="13" count="0" type="stmt"/>
        <line num="15" count="0" type="stmt"/>
        <line num="16" count="0" type="stmt"/>
        <line num="18" count="0" type="stmt"/>
        <line num="22" count="0" type="cond" truecount="0" falsecount="2"/>
        <line num="23" count="0" type="cond" truecount="0" falsecount="2"/>
        <line num="24" count="0" type="cond" truecount="0" falsecount="2"/>
        <line num="25" count="0" type="cond" truecount="0" falsecount="2"/>
        <line num="26" count="0" type="cond" truecount="0" falsecount="2"/>
        <line num="27" count="0" type="cond" truecount="0" falsecount="2"/>
        <line num="29" count="0" type="stmt"/>
        <line num="32" count="0" type="stmt"/>
        <line num="45" count="0" type="stmt"/>
        <line num="46" count="0" type="stmt"/>
      </file>
    </package>
    <package name="screens">
      <metrics statements="42" coveredstatements="0" conditionals="16" coveredconditionals="0" methods="8" coveredmethods="0"/>
      <file name="HomeScreen.tsx" path="/Users/sibabale.joja/projects/personal/valu/client/src/screens/HomeScreen.tsx">
        <metrics statements="18" coveredstatements="0" conditionals="6" coveredconditionals="0" methods="5" coveredmethods="0"/>
        <line num="9" count="0" type="stmt"/>
        <line num="17" count="0" type="stmt"/>
        <line num="24" count="0" type="stmt"/>
        <line num="33" count="0" type="stmt"/>
        <line num="39" count="0" type="stmt"/>
        <line num="45" count="0" type="stmt"/>
        <line num="46" count="0" type="stmt"/>
        <line num="47" count="0" type="stmt"/>
        <line num="48" count="0" type="stmt"/>
        <line num="51" count="0" type="stmt"/>
        <line num="52" count="0" type="stmt"/>
        <line num="54" count="0" type="stmt"/>
        <line num="55" count="0" type="stmt"/>
        <line num="69" count="0" type="stmt"/>
        <line num="70" count="0" type="stmt"/>
        <line num="82" count="0" type="stmt"/>
        <line num="83" count="0" type="stmt"/>
        <line num="86" count="0" type="stmt"/>
      </file>
      <file name="ProfileScreen.tsx" path="/Users/sibabale.joja/projects/personal/valu/client/src/screens/ProfileScreen.tsx">
        <metrics statements="13" coveredstatements="0" conditionals="4" coveredconditionals="0" methods="2" coveredmethods="0"/>
        <line num="7" count="0" type="stmt"/>
        <line num="13" count="0" type="stmt"/>
        <line num="25" count="0" type="stmt"/>
        <line num="36" count="0" type="stmt"/>
        <line num="44" count="0" type="stmt"/>
        <line num="51" count="0" type="stmt"/>
        <line num="59" count="0" type="stmt"/>
        <line num="66" count="0" type="stmt"/>
        <line num="67" count="0" type="stmt"/>
        <line num="68" count="0" type="stmt"/>
        <line num="71" count="0" type="cond" truecount="0" falsecount="4"/>
        <line num="72" count="0" type="stmt"/>
        <line num="81" count="0" type="stmt"/>
      </file>
      <file name="SettingsScreen.tsx" path="/Users/sibabale.joja/projects/personal/valu/client/src/screens/SettingsScreen.tsx">
        <metrics statements="11" coveredstatements="0" conditionals="6" coveredconditionals="0" methods="1" coveredmethods="0"/>
        <line num="6" count="0" type="stmt"/>
        <line num="11" count="0" type="stmt"/>
        <line num="16" count="0" type="stmt"/>
        <line num="24" count="0" type="stmt"/>
        <line num="32" count="0" type="stmt"/>
        <line num="39" count="0" type="stmt"/>
        <line num="45" count="0" type="stmt"/>
        <line num="46" count="0" type="stmt"/>
        <line num="47" count="0" type="stmt"/>
        <line num="48" count="0" type="stmt"/>
        <line num="50" count="0" type="stmt"/>
      </file>
    </package>
    <package name="store">
      <metrics statements="6" coveredstatements="0" conditionals="0" coveredconditionals="0" methods="1" coveredmethods="0"/>
      <file name="index.ts" path="/Users/sibabale.joja/projects/personal/valu/client/src/store/index.ts">
        <metrics statements="6" coveredstatements="0" conditionals="0" coveredconditionals="0" methods="1" coveredmethods="0"/>
        <line num="10" count="0" type="stmt"/>
        <line num="16" count="0" type="stmt"/>
        <line num="22" count="0" type="stmt"/>
        <line num="24" count="0" type="stmt"/>
        <line num="27" count="0" type="stmt"/>
        <line num="34" count="0" type="stmt"/>
      </file>
    </package>
    <package name="store.slices">
      <metrics statements="12" coveredstatements="0" conditionals="0" coveredconditionals="0" methods="3" coveredmethods="0"/>
      <file name="authSlice.ts" path="/Users/sibabale.joja/projects/personal/valu/client/src/store/slices/authSlice.ts">
        <metrics statements="12" coveredstatements="0" conditionals="0" coveredconditionals="0" methods="3" coveredmethods="0"/>
        <line num="16" count="0" type="stmt"/>
        <line num="23" count="0" type="stmt"/>
        <line num="28" count="0" type="stmt"/>
        <line num="34" count="0" type="stmt"/>
        <line num="35" count="0" type="stmt"/>
        <line num="36" count="0" type="stmt"/>
        <line num="37" count="0" type="stmt"/>
        <line num="40" count="0" type="stmt"/>
        <line num="41" count="0" type="stmt"/>
        <line num="42" count="0" type="stmt"/>
        <line num="43" count="0" type="stmt"/>
        <line num="48" count="0" type="stmt"/>
      </file>
    </package>
    <package name="types">
      <metrics statements="0" coveredstatements="0" conditionals="0" coveredconditionals="0" methods="0" coveredmethods="0"/>
      <file name="company.interface.ts" path="/Users/sibabale.joja/projects/personal/valu/client/src/types/company.interface.ts">
        <metrics statements="0" coveredstatements="0" conditionals="0" coveredconditionals="0" methods="0" coveredmethods="0"/>
      </file>
    </package>
    <package name="utils">
      <metrics statements="1" coveredstatements="0" conditionals="0" coveredconditionals="0" methods="0" coveredmethods="0"/>
      <file name="theme.ts" path="/Users/sibabale.joja/projects/personal/valu/client/src/utils/theme.ts">
        <metrics statements="1" coveredstatements="0" conditionals="0" coveredconditionals="0" methods="0" coveredmethods="0"/>
        <line num="1" count="0" type="stmt"/>
      </file>
    </package>
  </project>
</coverage>
