{"/Users/sibabale.joja/projects/personal/valu/client/src/components/atoms/index.ts": {"path":"/Users/sibabale.joja/projects/personal/valu/client/src/components/atoms/index.ts","statementMap":{},"fnMap":{},"branchMap":{},"s":{},"f":{},"b":{}}
,"/Users/sibabale.joja/projects/personal/valu/client/src/components/atoms/button/button.interface.ts": {"path":"/Users/sibabale.joja/projects/personal/valu/client/src/components/atoms/button/button.interface.ts","statementMap":{},"fnMap":{},"branchMap":{},"s":{},"f":{},"b":{}}
,"/Users/sibabale.joja/projects/personal/valu/client/src/components/atoms/button/button.styles.ts": {"path":"/Users/sibabale.joja/projects/personal/valu/client/src/components/atoms/button/button.styles.ts","statementMap":{"0":{"start":{"line":4,"column":25},"end":{"line":19,"column":1}},"1":{"start":{"line":5,"column":2},"end":{"line":18,"column":3}},"2":{"start":{"line":7,"column":6},"end":{"line":7,"column":67}},"3":{"start":{"line":9,"column":6},"end":{"line":9,"column":67}},"4":{"start":{"line":11,"column":6},"end":{"line":11,"column":67}},"5":{"start":{"line":13,"column":6},"end":{"line":13,"column":67}},"6":{"start":{"line":15,"column":6},"end":{"line":15,"column":67}},"7":{"start":{"line":17,"column":6},"end":{"line":17,"column":67}},"8":{"start":{"line":21,"column":22},"end":{"line":36,"column":1}},"9":{"start":{"line":22,"column":2},"end":{"line":35,"column":3}},"10":{"start":{"line":24,"column":6},"end":{"line":24,"column":54}},"11":{"start":{"line":26,"column":6},"end":{"line":26,"column":55}},"12":{"start":{"line":28,"column":6},"end":{"line":28,"column":55}},"13":{"start":{"line":30,"column":6},"end":{"line":30,"column":56}},"14":{"start":{"line":32,"column":6},"end":{"line":32,"column":56}},"15":{"start":{"line":34,"column":6},"end":{"line":34,"column":56}},"16":{"start":{"line":38,"column":28},"end":{"line":49,"column":1}},"17":{"start":{"line":39,"column":52},"end":{"line":39,"column":80}},"18":{"start":{"line":40,"column":40},"end":{"line":40,"column":67}},"19":{"start":{"line":46,"column":45},"end":{"line":46,"column":63}},"20":{"start":{"line":48,"column":4},"end":{"line":48,"column":36}},"21":{"start":{"line":51,"column":26},"end":{"line":56,"column":1}},"22":{"start":{"line":52,"column":41},"end":{"line":52,"column":71}},"23":{"start":{"line":53,"column":42},"end":{"line":53,"column":70}}},"fnMap":{"0":{"name":"(anonymous_0)","decl":{"start":{"line":4,"column":25},"end":{"line":4,"column":26}},"loc":{"start":{"line":4,"column":62},"end":{"line":19,"column":1}},"line":4},"1":{"name":"(anonymous_1)","decl":{"start":{"line":21,"column":22},"end":{"line":21,"column":23}},"loc":{"start":{"line":21,"column":53},"end":{"line":36,"column":1}},"line":21},"2":{"name":"(anonymous_2)","decl":{"start":{"line":39,"column":22},"end":{"line":39,"column":23}},"loc":{"start":{"line":39,"column":52},"end":{"line":39,"column":80}},"line":39},"3":{"name":"(anonymous_3)","decl":{"start":{"line":40,"column":13},"end":{"line":40,"column":14}},"loc":{"start":{"line":40,"column":40},"end":{"line":40,"column":67}},"line":40},"4":{"name":"(anonymous_4)","decl":{"start":{"line":46,"column":13},"end":{"line":46,"column":14}},"loc":{"start":{"line":46,"column":45},"end":{"line":46,"column":63}},"line":46},"5":{"name":"(anonymous_5)","decl":{"start":{"line":47,"column":18},"end":{"line":47,"column":19}},"loc":{"start":{"line":48,"column":4},"end":{"line":48,"column":36}},"line":48},"6":{"name":"(anonymous_6)","decl":{"start":{"line":52,"column":11},"end":{"line":52,"column":12}},"loc":{"start":{"line":52,"column":41},"end":{"line":52,"column":71}},"line":52},"7":{"name":"(anonymous_7)","decl":{"start":{"line":53,"column":15},"end":{"line":53,"column":16}},"loc":{"start":{"line":53,"column":42},"end":{"line":53,"column":70}},"line":53}},"branchMap":{"0":{"loc":{"start":{"line":5,"column":2},"end":{"line":18,"column":3}},"type":"switch","locations":[{"start":{"line":6,"column":4},"end":{"line":7,"column":67}},{"start":{"line":8,"column":4},"end":{"line":9,"column":67}},{"start":{"line":10,"column":4},"end":{"line":11,"column":67}},{"start":{"line":12,"column":4},"end":{"line":13,"column":67}},{"start":{"line":14,"column":4},"end":{"line":15,"column":67}},{"start":{"line":16,"column":4},"end":{"line":17,"column":67}}],"line":5},"1":{"loc":{"start":{"line":22,"column":2},"end":{"line":35,"column":3}},"type":"switch","locations":[{"start":{"line":23,"column":4},"end":{"line":24,"column":54}},{"start":{"line":25,"column":4},"end":{"line":26,"column":55}},{"start":{"line":27,"column":4},"end":{"line":28,"column":55}},{"start":{"line":29,"column":4},"end":{"line":30,"column":56}},{"start":{"line":31,"column":4},"end":{"line":32,"column":56}},{"start":{"line":33,"column":4},"end":{"line":34,"column":56}}],"line":22},"2":{"loc":{"start":{"line":46,"column":45},"end":{"line":46,"column":63}},"type":"cond-expr","locations":[{"start":{"line":46,"column":56},"end":{"line":46,"column":59}},{"start":{"line":46,"column":62},"end":{"line":46,"column":63}}],"line":46}},"s":{"0":4,"1":336,"2":9,"3":54,"4":60,"5":45,"6":168,"7":0,"8":4,"9":224,"10":216,"11":0,"12":0,"13":8,"14":0,"15":0,"16":4,"17":112,"18":112,"19":112,"20":112,"21":4,"22":112,"23":112},"f":{"0":336,"1":224,"2":112,"3":112,"4":112,"5":112,"6":112,"7":112},"b":{"0":[9,54,60,45,168,0],"1":[216,0,0,8,0,0],"2":[1,111]},"_coverageSchema":"1a1c01bbd47fc00a2c39e90264f33305004495a9","hash":"d64ed888341d3ae75f5222799d936652261d5957"}
,"/Users/sibabale.joja/projects/personal/valu/client/src/components/atoms/button/button.tsx": {"path":"/Users/sibabale.joja/projects/personal/valu/client/src/components/atoms/button/button.tsx","statementMap":{"0":{"start":{"line":5,"column":45},"end":{"line":25,"column":1}},"1":{"start":{"line":12,"column":2},"end":{"line":24,"column":4}}},"fnMap":{"0":{"name":"(anonymous_0)","decl":{"start":{"line":5,"column":45},"end":{"line":5,"column":46}},"loc":{"start":{"line":11,"column":6},"end":{"line":25,"column":1}},"line":11}},"branchMap":{"0":{"loc":{"start":{"line":7,"column":2},"end":{"line":7,"column":21}},"type":"default-arg","locations":[{"start":{"line":7,"column":12},"end":{"line":7,"column":21}}],"line":7},"1":{"loc":{"start":{"line":8,"column":2},"end":{"line":8,"column":17}},"type":"default-arg","locations":[{"start":{"line":8,"column":9},"end":{"line":8,"column":17}}],"line":8},"2":{"loc":{"start":{"line":9,"column":2},"end":{"line":9,"column":18}},"type":"default-arg","locations":[{"start":{"line":9,"column":13},"end":{"line":9,"column":18}}],"line":9}},"s":{"0":4,"1":112},"f":{"0":112},"b":{"0":[3],"1":[4],"2":[111]},"_coverageSchema":"1a1c01bbd47fc00a2c39e90264f33305004495a9","hash":"440a0cc20ed71cba8c6cc133b592dfc19d4ac2a5"}
,"/Users/sibabale.joja/projects/personal/valu/client/src/components/atoms/header/header.interface.ts": {"path":"/Users/sibabale.joja/projects/personal/valu/client/src/components/atoms/header/header.interface.ts","statementMap":{},"fnMap":{},"branchMap":{},"s":{},"f":{},"b":{}}
,"/Users/sibabale.joja/projects/personal/valu/client/src/components/atoms/header/header.styles.ts": {"path":"/Users/sibabale.joja/projects/personal/valu/client/src/components/atoms/header/header.styles.ts","statementMap":{"0":{"start":{"line":3,"column":31},"end":{"line":9,"column":1}},"1":{"start":{"line":11,"column":21},"end":{"line":15,"column":1}},"2":{"start":{"line":17,"column":26},"end":{"line":24,"column":1}},"3":{"start":{"line":26,"column":24},"end":{"line":30,"column":1}}},"fnMap":{},"branchMap":{},"s":{"0":2,"1":2,"2":2,"3":2},"f":{},"b":{},"_coverageSchema":"1a1c01bbd47fc00a2c39e90264f33305004495a9","hash":"0555aca6564b80fdd0388f111f48061bf10d796b"}
,"/Users/sibabale.joja/projects/personal/valu/client/src/components/atoms/header/header.tsx": {"path":"/Users/sibabale.joja/projects/personal/valu/client/src/components/atoms/header/header.tsx","statementMap":{"0":{"start":{"line":7,"column":45},"end":{"line":20,"column":1}},"1":{"start":{"line":12,"column":2},"end":{"line":19,"column":4}}},"fnMap":{"0":{"name":"(anonymous_0)","decl":{"start":{"line":7,"column":45},"end":{"line":7,"column":46}},"loc":{"start":{"line":11,"column":6},"end":{"line":20,"column":1}},"line":11}},"branchMap":{},"s":{"0":2,"1":31},"f":{"0":31},"b":{},"_coverageSchema":"1a1c01bbd47fc00a2c39e90264f33305004495a9","hash":"c15458ddd0672b9a6bae00acf143dd1c2c0f7b39"}
,"/Users/sibabale.joja/projects/personal/valu/client/src/components/atoms/icons/info.tsx": {"path":"/Users/sibabale.joja/projects/personal/valu/client/src/components/atoms/icons/info.tsx","statementMap":{"0":{"start":{"line":3,"column":21},"end":{"line":7,"column":1}},"1":{"start":{"line":4,"column":2},"end":{"line":6,"column":8}}},"fnMap":{"0":{"name":"(anonymous_0)","decl":{"start":{"line":3,"column":21},"end":{"line":3,"column":22}},"loc":{"start":{"line":4,"column":2},"end":{"line":6,"column":8}},"line":4}},"branchMap":{"0":{"loc":{"start":{"line":3,"column":24},"end":{"line":3,"column":40}},"type":"default-arg","locations":[{"start":{"line":3,"column":31},"end":{"line":3,"column":40}}],"line":3}},"s":{"0":2,"1":31},"f":{"0":31},"b":{"0":[0]},"_coverageSchema":"1a1c01bbd47fc00a2c39e90264f33305004495a9","hash":"2cfce85b32f9548308de1441f6673e419d7c7c14"}
,"/Users/sibabale.joja/projects/personal/valu/client/src/components/atoms/searchbar/searchbar.interface.ts": {"path":"/Users/sibabale.joja/projects/personal/valu/client/src/components/atoms/searchbar/searchbar.interface.ts","statementMap":{},"fnMap":{},"branchMap":{},"s":{},"f":{},"b":{}}
,"/Users/sibabale.joja/projects/personal/valu/client/src/components/atoms/searchbar/searchbar.styles.ts": {"path":"/Users/sibabale.joja/projects/personal/valu/client/src/components/atoms/searchbar/searchbar.styles.ts","statementMap":{"0":{"start":{"line":3,"column":31},"end":{"line":6,"column":1}},"1":{"start":{"line":8,"column":27},"end":{"line":18,"column":1}},"2":{"start":{"line":20,"column":33},"end":{"line":24,"column":1}}},"fnMap":{},"branchMap":{},"s":{"0":2,"1":2,"2":2},"f":{},"b":{},"_coverageSchema":"1a1c01bbd47fc00a2c39e90264f33305004495a9","hash":"b295cb50a4542fe0f22d2f76afa5faf9f170965d"}
,"/Users/sibabale.joja/projects/personal/valu/client/src/components/atoms/searchbar/searchbar.tsx": {"path":"/Users/sibabale.joja/projects/personal/valu/client/src/components/atoms/searchbar/searchbar.tsx","statementMap":{"0":{"start":{"line":5,"column":51},"end":{"line":22,"column":1}},"1":{"start":{"line":11,"column":2},"end":{"line":21,"column":4}}},"fnMap":{"0":{"name":"(anonymous_0)","decl":{"start":{"line":5,"column":51},"end":{"line":5,"column":52}},"loc":{"start":{"line":10,"column":6},"end":{"line":22,"column":1}},"line":10}},"branchMap":{"0":{"loc":{"start":{"line":8,"column":2},"end":{"line":8,"column":24}},"type":"default-arg","locations":[{"start":{"line":8,"column":16},"end":{"line":8,"column":24}}],"line":8}},"s":{"0":2,"1":32},"f":{"0":32},"b":{"0":[3]},"_coverageSchema":"1a1c01bbd47fc00a2c39e90264f33305004495a9","hash":"ac343d6865bdc1353422a66c3e8ed09d67a9e3be"}
,"/Users/sibabale.joja/projects/personal/valu/client/src/components/molecules/index.ts": {"path":"/Users/sibabale.joja/projects/personal/valu/client/src/components/molecules/index.ts","statementMap":{},"fnMap":{},"branchMap":{},"s":{},"f":{},"b":{}}
,"/Users/sibabale.joja/projects/personal/valu/client/src/components/molecules/company-card/companycard.interface.ts": {"path":"/Users/sibabale.joja/projects/personal/valu/client/src/components/molecules/company-card/companycard.interface.ts","statementMap":{},"fnMap":{},"branchMap":{},"s":{},"f":{},"b":{}}
,"/Users/sibabale.joja/projects/personal/valu/client/src/components/molecules/company-card/companycard.styles.ts": {"path":"/Users/sibabale.joja/projects/personal/valu/client/src/components/molecules/company-card/companycard.styles.ts","statementMap":{"0":{"start":{"line":7,"column":29},"end":{"line":22,"column":1}},"1":{"start":{"line":24,"column":27},"end":{"line":28,"column":1}},"2":{"start":{"line":30,"column":29},"end":{"line":38,"column":1}},"3":{"start":{"line":34,"column":49},"end":{"line":34,"column":54}},"4":{"start":{"line":40,"column":24},"end":{"line":44,"column":1}},"5":{"start":{"line":46,"column":27},"end":{"line":48,"column":1}},"6":{"start":{"line":50,"column":27},"end":{"line":55,"column":1}},"7":{"start":{"line":57,"column":28},"end":{"line":61,"column":1}},"8":{"start":{"line":63,"column":28},"end":{"line":65,"column":1}},"9":{"start":{"line":67,"column":21},"end":{"line":72,"column":1}},"10":{"start":{"line":74,"column":36},"end":{"line":80,"column":1}},"11":{"start":{"line":75,"column":49},"end":{"line":75,"column":54}},"12":{"start":{"line":82,"column":34},"end":{"line":86,"column":1}},"13":{"start":{"line":85,"column":39},"end":{"line":85,"column":82}}},"fnMap":{"0":{"name":"(anonymous_0)","decl":{"start":{"line":34,"column":22},"end":{"line":34,"column":23}},"loc":{"start":{"line":34,"column":49},"end":{"line":34,"column":54}},"line":34},"1":{"name":"(anonymous_1)","decl":{"start":{"line":75,"column":22},"end":{"line":75,"column":23}},"loc":{"start":{"line":75,"column":49},"end":{"line":75,"column":54}},"line":75},"2":{"name":"(anonymous_2)","decl":{"start":{"line":85,"column":11},"end":{"line":85,"column":12}},"loc":{"start":{"line":85,"column":39},"end":{"line":85,"column":82}},"line":85}},"branchMap":{"0":{"loc":{"start":{"line":85,"column":39},"end":{"line":85,"column":82}},"type":"cond-expr","locations":[{"start":{"line":85,"column":61},"end":{"line":85,"column":70}},{"start":{"line":85,"column":73},"end":{"line":85,"column":82}}],"line":85}},"s":{"0":3,"1":3,"2":3,"3":108,"4":3,"5":3,"6":3,"7":3,"8":3,"9":3,"10":3,"11":0,"12":3,"13":0},"f":{"0":108,"1":0,"2":0},"b":{"0":[0,0]},"_coverageSchema":"1a1c01bbd47fc00a2c39e90264f33305004495a9","hash":"48215c25cb65ab1c128ee740bfaaf6de061206b7"}
,"/Users/sibabale.joja/projects/personal/valu/client/src/components/molecules/company-card/companycard.tsx": {"path":"/Users/sibabale.joja/projects/personal/valu/client/src/components/molecules/company-card/companycard.tsx","statementMap":{"0":{"start":{"line":16,"column":32},"end":{"line":29,"column":1}},"1":{"start":{"line":17,"column":2},"end":{"line":28,"column":3}},"2":{"start":{"line":19,"column":6},"end":{"line":19,"column":25}},"3":{"start":{"line":21,"column":6},"end":{"line":21,"column":23}},"4":{"start":{"line":23,"column":6},"end":{"line":23,"column":23}},"5":{"start":{"line":25,"column":6},"end":{"line":25,"column":22}},"6":{"start":{"line":27,"column":6},"end":{"line":27,"column":23}},"7":{"start":{"line":30,"column":55},"end":{"line":59,"column":1}},"8":{"start":{"line":35,"column":2},"end":{"line":58,"column":4}}},"fnMap":{"0":{"name":"(anonymous_0)","decl":{"start":{"line":16,"column":32},"end":{"line":16,"column":33}},"loc":{"start":{"line":16,"column":60},"end":{"line":29,"column":1}},"line":16},"1":{"name":"(anonymous_1)","decl":{"start":{"line":30,"column":55},"end":{"line":30,"column":56}},"loc":{"start":{"line":34,"column":6},"end":{"line":59,"column":1}},"line":34}},"branchMap":{"0":{"loc":{"start":{"line":17,"column":2},"end":{"line":28,"column":3}},"type":"switch","locations":[{"start":{"line":18,"column":4},"end":{"line":19,"column":25}},{"start":{"line":20,"column":4},"end":{"line":21,"column":23}},{"start":{"line":22,"column":4},"end":{"line":23,"column":23}},{"start":{"line":24,"column":4},"end":{"line":25,"column":22}},{"start":{"line":26,"column":4},"end":{"line":27,"column":23}}],"line":17}},"s":{"0":3,"1":108,"2":18,"3":19,"4":15,"5":56,"6":0,"7":3,"8":108},"f":{"0":108,"1":108},"b":{"0":[18,19,15,56,0]},"_coverageSchema":"1a1c01bbd47fc00a2c39e90264f33305004495a9","hash":"2c52b76a473dd62519056ef2237e4b3ecfe1f033"}
,"/Users/sibabale.joja/projects/personal/valu/client/src/components/organisms/index.ts": {"path":"/Users/sibabale.joja/projects/personal/valu/client/src/components/organisms/index.ts","statementMap":{},"fnMap":{},"branchMap":{},"s":{},"f":{},"b":{}}
,"/Users/sibabale.joja/projects/personal/valu/client/src/components/organisms/company-list/companylist.interface.ts": {"path":"/Users/sibabale.joja/projects/personal/valu/client/src/components/organisms/company-list/companylist.interface.ts","statementMap":{},"fnMap":{},"branchMap":{},"s":{},"f":{},"b":{}}
,"/Users/sibabale.joja/projects/personal/valu/client/src/components/organisms/company-list/companylist.styles.ts": {"path":"/Users/sibabale.joja/projects/personal/valu/client/src/components/organisms/company-list/companylist.styles.ts","statementMap":{"0":{"start":{"line":3,"column":29},"end":{"line":6,"column":1}},"1":{"start":{"line":8,"column":30},"end":{"line":13,"column":1}},"2":{"start":{"line":15,"column":25},"end":{"line":20,"column":1}}},"fnMap":{},"branchMap":{},"s":{"0":2,"1":2,"2":2},"f":{},"b":{},"_coverageSchema":"1a1c01bbd47fc00a2c39e90264f33305004495a9","hash":"b4f5b08187d8092ce333b099b1851e75b38e8007"}
,"/Users/sibabale.joja/projects/personal/valu/client/src/components/organisms/company-list/companylist.tsx": {"path":"/Users/sibabale.joja/projects/personal/valu/client/src/components/organisms/company-list/companylist.tsx","statementMap":{"0":{"start":{"line":7,"column":55},"end":{"line":37,"column":1}},"1":{"start":{"line":11,"column":2},"end":{"line":17,"column":3}},"2":{"start":{"line":12,"column":4},"end":{"line":16,"column":6}},"3":{"start":{"line":19,"column":21},"end":{"line":21,"column":3}},"4":{"start":{"line":20,"column":4},"end":{"line":20,"column":79}},"5":{"start":{"line":20,"column":50},"end":{"line":20,"column":75}},"6":{"start":{"line":23,"column":23},"end":{"line":23,"column":56}},"7":{"start":{"line":23,"column":38},"end":{"line":23,"column":56}},"8":{"start":{"line":25,"column":2},"end":{"line":36,"column":4}},"9":{"start":{"line":33,"column":38},"end":{"line":33,"column":69}}},"fnMap":{"0":{"name":"(anonymous_0)","decl":{"start":{"line":7,"column":55},"end":{"line":7,"column":56}},"loc":{"start":{"line":10,"column":6},"end":{"line":37,"column":1}},"line":10},"1":{"name":"(anonymous_1)","decl":{"start":{"line":19,"column":21},"end":{"line":19,"column":22}},"loc":{"start":{"line":20,"column":4},"end":{"line":20,"column":79}},"line":20},"2":{"name":"(anonymous_2)","decl":{"start":{"line":20,"column":44},"end":{"line":20,"column":45}},"loc":{"start":{"line":20,"column":50},"end":{"line":20,"column":75}},"line":20},"3":{"name":"(anonymous_3)","decl":{"start":{"line":23,"column":23},"end":{"line":23,"column":24}},"loc":{"start":{"line":23,"column":38},"end":{"line":23,"column":56}},"line":23},"4":{"name":"(anonymous_4)","decl":{"start":{"line":33,"column":32},"end":{"line":33,"column":33}},"loc":{"start":{"line":33,"column":38},"end":{"line":33,"column":69}},"line":33}},"branchMap":{"0":{"loc":{"start":{"line":11,"column":2},"end":{"line":17,"column":3}},"type":"if","locations":[{"start":{"line":11,"column":2},"end":{"line":17,"column":3}},{"start":{},"end":{}}],"line":11}},"s":{"0":2,"1":31,"2":12,"3":19,"4":105,"5":2,"6":19,"7":120,"8":19,"9":86},"f":{"0":31,"1":105,"2":2,"3":120,"4":86},"b":{"0":[12,19]},"_coverageSchema":"1a1c01bbd47fc00a2c39e90264f33305004495a9","hash":"af20d487088a319057ef3dfbd9be59352ce3b09e"}
,"/Users/sibabale.joja/projects/personal/valu/client/src/components/pages/index.ts": {"path":"/Users/sibabale.joja/projects/personal/valu/client/src/components/pages/index.ts","statementMap":{},"fnMap":{},"branchMap":{},"s":{},"f":{},"b":{}}
,"/Users/sibabale.joja/projects/personal/valu/client/src/components/pages/home-page/homepage.interface.ts": {"path":"/Users/sibabale.joja/projects/personal/valu/client/src/components/pages/home-page/homepage.interface.ts","statementMap":{},"fnMap":{},"branchMap":{},"s":{},"f":{},"b":{}}
,"/Users/sibabale.joja/projects/personal/valu/client/src/components/pages/home-page/homepage.styles.ts": {"path":"/Users/sibabale.joja/projects/personal/valu/client/src/components/pages/home-page/homepage.styles.ts","statementMap":{"0":{"start":{"line":3,"column":29},"end":{"line":7,"column":1}},"1":{"start":{"line":9,"column":32},"end":{"line":11,"column":1}}},"fnMap":{},"branchMap":{},"s":{"0":1,"1":1},"f":{},"b":{},"_coverageSchema":"1a1c01bbd47fc00a2c39e90264f33305004495a9","hash":"4ac1b0273655cd177e54f627b2ecfc7d4b53fe58"}
,"/Users/sibabale.joja/projects/personal/valu/client/src/components/pages/home-page/homepage.tsx": {"path":"/Users/sibabale.joja/projects/personal/valu/client/src/components/pages/home-page/homepage.tsx","statementMap":{"0":{"start":{"line":12,"column":49},"end":{"line":57,"column":1}},"1":{"start":{"line":16,"column":40},"end":{"line":16,"column":52}},"2":{"start":{"line":17,"column":52},"end":{"line":17,"column":75}},"3":{"start":{"line":19,"column":2},"end":{"line":25,"column":20}},"4":{"start":{"line":20,"column":21},"end":{"line":23,"column":5}},"5":{"start":{"line":21,"column":6},"end":{"line":22,"column":70}},"6":{"start":{"line":24,"column":4},"end":{"line":24,"column":35}},"7":{"start":{"line":27,"column":2},"end":{"line":29,"column":9}},"8":{"start":{"line":28,"column":4},"end":{"line":28,"column":40}},"9":{"start":{"line":31,"column":29},"end":{"line":33,"column":3}},"10":{"start":{"line":32,"column":4},"end":{"line":32,"column":30}},"11":{"start":{"line":35,"column":26},"end":{"line":37,"column":3}},"12":{"start":{"line":36,"column":4},"end":{"line":36,"column":20}},"13":{"start":{"line":39,"column":2},"end":{"line":56,"column":4}}},"fnMap":{"0":{"name":"(anonymous_0)","decl":{"start":{"line":12,"column":49},"end":{"line":12,"column":50}},"loc":{"start":{"line":15,"column":6},"end":{"line":57,"column":1}},"line":15},"1":{"name":"(anonymous_1)","decl":{"start":{"line":19,"column":12},"end":{"line":19,"column":13}},"loc":{"start":{"line":19,"column":18},"end":{"line":25,"column":3}},"line":19},"2":{"name":"(anonymous_2)","decl":{"start":{"line":20,"column":42},"end":{"line":20,"column":43}},"loc":{"start":{"line":21,"column":6},"end":{"line":22,"column":70}},"line":21},"3":{"name":"(anonymous_3)","decl":{"start":{"line":27,"column":12},"end":{"line":27,"column":13}},"loc":{"start":{"line":27,"column":18},"end":{"line":29,"column":3}},"line":27},"4":{"name":"(anonymous_4)","decl":{"start":{"line":31,"column":29},"end":{"line":31,"column":30}},"loc":{"start":{"line":31,"column":51},"end":{"line":33,"column":3}},"line":31},"5":{"name":"(anonymous_5)","decl":{"start":{"line":35,"column":26},"end":{"line":35,"column":27}},"loc":{"start":{"line":35,"column":32},"end":{"line":37,"column":3}},"line":35}},"branchMap":{"0":{"loc":{"start":{"line":21,"column":6},"end":{"line":22,"column":70}},"type":"binary-expr","locations":[{"start":{"line":21,"column":6},"end":{"line":21,"column":68}},{"start":{"line":22,"column":6},"end":{"line":22,"column":70}}],"line":21}},"s":{"0":1,"1":28,"2":28,"3":28,"4":14,"5":98,"6":14,"7":28,"8":10,"9":28,"10":1,"11":28,"12":1,"13":28},"f":{"0":28,"1":14,"2":98,"3":10,"4":1,"5":1},"b":{"0":[98,26]},"_coverageSchema":"1a1c01bbd47fc00a2c39e90264f33305004495a9","hash":"72cd786ed077b4b9fbabd31a6f535ff4d645e026"}
,"/Users/sibabale.joja/projects/personal/valu/client/src/navigation/index.tsx": {"path":"/Users/sibabale.joja/projects/personal/valu/client/src/navigation/index.tsx","statementMap":{"0":{"start":{"line":12,"column":14},"end":{"line":12,"column":36}},"1":{"start":{"line":13,"column":12},"end":{"line":13,"column":38}},"2":{"start":{"line":15,"column":21},"end":{"line":43,"column":1}},"3":{"start":{"line":16,"column":2},"end":{"line":42,"column":4}},"4":{"start":{"line":18,"column":37},"end":{"line":36,"column":7}},"5":{"start":{"line":22,"column":10},"end":{"line":30,"column":11}},"6":{"start":{"line":23,"column":12},"end":{"line":23,"column":57}},"7":{"start":{"line":24,"column":17},"end":{"line":30,"column":11}},"8":{"start":{"line":25,"column":12},"end":{"line":25,"column":61}},"9":{"start":{"line":26,"column":17},"end":{"line":30,"column":11}},"10":{"start":{"line":27,"column":12},"end":{"line":27,"column":65}},"11":{"start":{"line":29,"column":12},"end":{"line":29,"column":38}},"12":{"start":{"line":32,"column":10},"end":{"line":32,"column":72}},"13":{"start":{"line":45,"column":21},"end":{"line":57,"column":1}},"14":{"start":{"line":46,"column":2},"end":{"line":56,"column":4}}},"fnMap":{"0":{"name":"(anonymous_0)","decl":{"start":{"line":15,"column":21},"end":{"line":15,"column":22}},"loc":{"start":{"line":15,"column":27},"end":{"line":43,"column":1}},"line":15},"1":{"name":"(anonymous_1)","decl":{"start":{"line":18,"column":21},"end":{"line":18,"column":22}},"loc":{"start":{"line":18,"column":37},"end":{"line":36,"column":7}},"line":18},"2":{"name":"(anonymous_2)","decl":{"start":{"line":19,"column":20},"end":{"line":19,"column":21}},"loc":{"start":{"line":19,"column":50},"end":{"line":33,"column":9}},"line":19},"3":{"name":"(anonymous_3)","decl":{"start":{"line":45,"column":21},"end":{"line":45,"column":22}},"loc":{"start":{"line":45,"column":27},"end":{"line":57,"column":1}},"line":45}},"branchMap":{"0":{"loc":{"start":{"line":22,"column":10},"end":{"line":30,"column":11}},"type":"if","locations":[{"start":{"line":22,"column":10},"end":{"line":30,"column":11}},{"start":{"line":24,"column":17},"end":{"line":30,"column":11}}],"line":22},"1":{"loc":{"start":{"line":23,"column":23},"end":{"line":23,"column":56}},"type":"cond-expr","locations":[{"start":{"line":23,"column":33},"end":{"line":23,"column":39}},{"start":{"line":23,"column":42},"end":{"line":23,"column":56}}],"line":23},"2":{"loc":{"start":{"line":24,"column":17},"end":{"line":30,"column":11}},"type":"if","locations":[{"start":{"line":24,"column":17},"end":{"line":30,"column":11}},{"start":{"line":26,"column":17},"end":{"line":30,"column":11}}],"line":24},"3":{"loc":{"start":{"line":25,"column":23},"end":{"line":25,"column":60}},"type":"cond-expr","locations":[{"start":{"line":25,"column":33},"end":{"line":25,"column":41}},{"start":{"line":25,"column":44},"end":{"line":25,"column":60}}],"line":25},"4":{"loc":{"start":{"line":26,"column":17},"end":{"line":30,"column":11}},"type":"if","locations":[{"start":{"line":26,"column":17},"end":{"line":30,"column":11}},{"start":{"line":28,"column":17},"end":{"line":30,"column":11}}],"line":26},"5":{"loc":{"start":{"line":27,"column":23},"end":{"line":27,"column":64}},"type":"cond-expr","locations":[{"start":{"line":27,"column":33},"end":{"line":27,"column":43}},{"start":{"line":27,"column":46},"end":{"line":27,"column":64}}],"line":27}},"s":{"0":0,"1":0,"2":0,"3":0,"4":0,"5":0,"6":0,"7":0,"8":0,"9":0,"10":0,"11":0,"12":0,"13":0,"14":0},"f":{"0":0,"1":0,"2":0,"3":0},"b":{"0":[0,0],"1":[0,0],"2":[0,0],"3":[0,0],"4":[0,0],"5":[0,0]}}
,"/Users/sibabale.joja/projects/personal/valu/client/src/screens/HomeScreen.tsx": {"path":"/Users/sibabale.joja/projects/personal/valu/client/src/screens/HomeScreen.tsx","statementMap":{"0":{"start":{"line":9,"column":18},"end":{"line":15,"column":1}},"1":{"start":{"line":17,"column":14},"end":{"line":22,"column":1}},"2":{"start":{"line":24,"column":15},"end":{"line":31,"column":1}},"3":{"start":{"line":33,"column":19},"end":{"line":37,"column":1}},"4":{"start":{"line":39,"column":19},"end":{"line":43,"column":1}},"5":{"start":{"line":45,"column":29},"end":{"line":116,"column":1}},"6":{"start":{"line":46,"column":19},"end":{"line":46,"column":32}},"7":{"start":{"line":47,"column":36},"end":{"line":49,"column":3}},"8":{"start":{"line":48,"column":26},"end":{"line":48,"column":36}},"9":{"start":{"line":51,"column":19},"end":{"line":51,"column":56}},"10":{"start":{"line":52,"column":20},"end":{"line":52,"column":58}},"11":{"start":{"line":54,"column":2},"end":{"line":67,"column":28}},"12":{"start":{"line":55,"column":4},"end":{"line":66,"column":15}},"13":{"start":{"line":69,"column":22},"end":{"line":80,"column":3}},"14":{"start":{"line":70,"column":4},"end":{"line":79,"column":6}},"15":{"start":{"line":82,"column":23},"end":{"line":84,"column":3}},"16":{"start":{"line":83,"column":4},"end":{"line":83,"column":23}},"17":{"start":{"line":86,"column":2},"end":{"line":115,"column":4}}},"fnMap":{"0":{"name":"(anonymous_0)","decl":{"start":{"line":45,"column":29},"end":{"line":45,"column":30}},"loc":{"start":{"line":45,"column":35},"end":{"line":116,"column":1}},"line":45},"1":{"name":"(anonymous_1)","decl":{"start":{"line":48,"column":4},"end":{"line":48,"column":5}},"loc":{"start":{"line":48,"column":26},"end":{"line":48,"column":36}},"line":48},"2":{"name":"(anonymous_2)","decl":{"start":{"line":54,"column":12},"end":{"line":54,"column":13}},"loc":{"start":{"line":54,"column":18},"end":{"line":67,"column":3}},"line":54},"3":{"name":"(anonymous_3)","decl":{"start":{"line":69,"column":22},"end":{"line":69,"column":23}},"loc":{"start":{"line":69,"column":28},"end":{"line":80,"column":3}},"line":69},"4":{"name":"(anonymous_4)","decl":{"start":{"line":82,"column":23},"end":{"line":82,"column":24}},"loc":{"start":{"line":82,"column":29},"end":{"line":84,"column":3}},"line":82}},"branchMap":{"0":{"loc":{"start":{"line":97,"column":19},"end":{"line":97,"column":74}},"type":"cond-expr","locations":[{"start":{"line":97,"column":37},"end":{"line":97,"column":52}},{"start":{"line":97,"column":55},"end":{"line":97,"column":74}}],"line":97},"1":{"loc":{"start":{"line":100,"column":9},"end":{"line":100,"column":59}},"type":"binary-expr","locations":[{"start":{"line":100,"column":9},"end":{"line":100,"column":13}},{"start":{"line":100,"column":17},"end":{"line":100,"column":59}}],"line":100},"2":{"loc":{"start":{"line":102,"column":9},"end":{"line":112,"column":9}},"type":"cond-expr","locations":[{"start":{"line":103,"column":10},"end":{"line":106,"column":19}},{"start":{"line":108,"column":10},"end":{"line":111,"column":19}}],"line":102}},"s":{"0":0,"1":0,"2":0,"3":0,"4":0,"5":0,"6":0,"7":0,"8":0,"9":0,"10":0,"11":0,"12":0,"13":0,"14":0,"15":0,"16":0,"17":0},"f":{"0":0,"1":0,"2":0,"3":0,"4":0},"b":{"0":[0,0],"1":[0,0],"2":[0,0]}}
,"/Users/sibabale.joja/projects/personal/valu/client/src/screens/ProfileScreen.tsx": {"path":"/Users/sibabale.joja/projects/personal/valu/client/src/screens/ProfileScreen.tsx","statementMap":{"0":{"start":{"line":7,"column":18},"end":{"line":11,"column":1}},"1":{"start":{"line":13,"column":20},"end":{"line":23,"column":1}},"2":{"start":{"line":25,"column":15},"end":{"line":34,"column":1}},"3":{"start":{"line":36,"column":13},"end":{"line":42,"column":1}},"4":{"start":{"line":44,"column":14},"end":{"line":49,"column":1}},"5":{"start":{"line":51,"column":16},"end":{"line":57,"column":1}},"6":{"start":{"line":59,"column":17},"end":{"line":64,"column":1}},"7":{"start":{"line":66,"column":32},"end":{"line":107,"column":1}},"8":{"start":{"line":67,"column":36},"end":{"line":69,"column":3}},"9":{"start":{"line":68,"column":26},"end":{"line":68,"column":36}},"10":{"start":{"line":71,"column":2},"end":{"line":79,"column":3}},"11":{"start":{"line":72,"column":4},"end":{"line":78,"column":6}},"12":{"start":{"line":81,"column":2},"end":{"line":106,"column":4}}},"fnMap":{"0":{"name":"(anonymous_0)","decl":{"start":{"line":66,"column":32},"end":{"line":66,"column":33}},"loc":{"start":{"line":66,"column":38},"end":{"line":107,"column":1}},"line":66},"1":{"name":"(anonymous_1)","decl":{"start":{"line":68,"column":4},"end":{"line":68,"column":5}},"loc":{"start":{"line":68,"column":26},"end":{"line":68,"column":36}},"line":68}},"branchMap":{"0":{"loc":{"start":{"line":71,"column":2},"end":{"line":79,"column":3}},"type":"if","locations":[{"start":{"line":71,"column":2},"end":{"line":79,"column":3}},{"start":{},"end":{}}],"line":71},"1":{"loc":{"start":{"line":71,"column":6},"end":{"line":71,"column":31}},"type":"binary-expr","locations":[{"start":{"line":71,"column":6},"end":{"line":71,"column":22}},{"start":{"line":71,"column":26},"end":{"line":71,"column":31}}],"line":71}},"s":{"0":0,"1":0,"2":0,"3":0,"4":0,"5":0,"6":0,"7":0,"8":0,"9":0,"10":0,"11":0,"12":0},"f":{"0":0,"1":0},"b":{"0":[0,0],"1":[0,0]}}
,"/Users/sibabale.joja/projects/personal/valu/client/src/screens/SettingsScreen.tsx": {"path":"/Users/sibabale.joja/projects/personal/valu/client/src/screens/SettingsScreen.tsx","statementMap":{"0":{"start":{"line":6,"column":18},"end":{"line":9,"column":1}},"1":{"start":{"line":11,"column":16},"end":{"line":14,"column":1}},"2":{"start":{"line":16,"column":22},"end":{"line":22,"column":1}},"3":{"start":{"line":24,"column":20},"end":{"line":30,"column":1}},"4":{"start":{"line":32,"column":20},"end":{"line":37,"column":1}},"5":{"start":{"line":39,"column":21},"end":{"line":43,"column":1}},"6":{"start":{"line":45,"column":33},"end":{"line":130,"column":1}},"7":{"start":{"line":46,"column":44},"end":{"line":46,"column":64}},"8":{"start":{"line":47,"column":34},"end":{"line":47,"column":55}},"9":{"start":{"line":48,"column":36},"end":{"line":48,"column":57}},"10":{"start":{"line":50,"column":2},"end":{"line":129,"column":4}}},"fnMap":{"0":{"name":"(anonymous_0)","decl":{"start":{"line":45,"column":33},"end":{"line":45,"column":34}},"loc":{"start":{"line":45,"column":39},"end":{"line":130,"column":1}},"line":45}},"branchMap":{"0":{"loc":{"start":{"line":61,"column":24},"end":{"line":61,"column":61}},"type":"cond-expr","locations":[{"start":{"line":61,"column":40},"end":{"line":61,"column":49}},{"start":{"line":61,"column":52},"end":{"line":61,"column":61}}],"line":61},"1":{"loc":{"start":{"line":71,"column":24},"end":{"line":71,"column":56}},"type":"cond-expr","locations":[{"start":{"line":71,"column":35},"end":{"line":71,"column":44}},{"start":{"line":71,"column":47},"end":{"line":71,"column":56}}],"line":71},"2":{"loc":{"start":{"line":81,"column":24},"end":{"line":81,"column":57}},"type":"cond-expr","locations":[{"start":{"line":81,"column":36},"end":{"line":81,"column":45}},{"start":{"line":81,"column":48},"end":{"line":81,"column":57}}],"line":81}},"s":{"0":0,"1":0,"2":0,"3":0,"4":0,"5":0,"6":0,"7":0,"8":0,"9":0,"10":0},"f":{"0":0},"b":{"0":[0,0],"1":[0,0],"2":[0,0]}}
,"/Users/sibabale.joja/projects/personal/valu/client/src/store/index.ts": {"path":"/Users/sibabale.joja/projects/personal/valu/client/src/store/index.ts","statementMap":{"0":{"start":{"line":10,"column":20},"end":{"line":14,"column":2}},"1":{"start":{"line":16,"column":22},"end":{"line":20,"column":1}},"2":{"start":{"line":22,"column":25},"end":{"line":22,"column":67}},"3":{"start":{"line":24,"column":21},"end":{"line":32,"column":2}},"4":{"start":{"line":27,"column":4},"end":{"line":31,"column":6}},"5":{"start":{"line":34,"column":25},"end":{"line":34,"column":44}}},"fnMap":{"0":{"name":"(anonymous_0)","decl":{"start":{"line":26,"column":14},"end":{"line":26,"column":15}},"loc":{"start":{"line":27,"column":4},"end":{"line":31,"column":6}},"line":27}},"branchMap":{},"s":{"0":0,"1":0,"2":0,"3":0,"4":0,"5":0},"f":{"0":0},"b":{}}
,"/Users/sibabale.joja/projects/personal/valu/client/src/store/slices/authSlice.ts": {"path":"/Users/sibabale.joja/projects/personal/valu/client/src/store/slices/authSlice.ts","statementMap":{"0":{"start":{"line":16,"column":32},"end":{"line":21,"column":1}},"1":{"start":{"line":23,"column":18},"end":{"line":46,"column":2}},"2":{"start":{"line":28,"column":6},"end":{"line":28,"column":39}},"3":{"start":{"line":34,"column":6},"end":{"line":34,"column":39}},"4":{"start":{"line":35,"column":6},"end":{"line":35,"column":41}},"5":{"start":{"line":36,"column":6},"end":{"line":36,"column":35}},"6":{"start":{"line":37,"column":6},"end":{"line":37,"column":30}},"7":{"start":{"line":40,"column":6},"end":{"line":40,"column":24}},"8":{"start":{"line":41,"column":6},"end":{"line":41,"column":25}},"9":{"start":{"line":42,"column":6},"end":{"line":42,"column":36}},"10":{"start":{"line":43,"column":6},"end":{"line":43,"column":30}},"11":{"start":{"line":48,"column":52},"end":{"line":48,"column":69}}},"fnMap":{"0":{"name":"(anonymous_0)","decl":{"start":{"line":27,"column":16},"end":{"line":27,"column":17}},"loc":{"start":{"line":27,"column":59},"end":{"line":29,"column":5}},"line":27},"1":{"name":"(anonymous_1)","decl":{"start":{"line":30,"column":18},"end":{"line":30,"column":19}},"loc":{"start":{"line":33,"column":9},"end":{"line":38,"column":5}},"line":33},"2":{"name":"(anonymous_2)","decl":{"start":{"line":39,"column":12},"end":{"line":39,"column":13}},"loc":{"start":{"line":39,"column":21},"end":{"line":44,"column":5}},"line":39}},"branchMap":{},"s":{"0":0,"1":0,"2":0,"3":0,"4":0,"5":0,"6":0,"7":0,"8":0,"9":0,"10":0,"11":0},"f":{"0":0,"1":0,"2":0},"b":{}}
,"/Users/sibabale.joja/projects/personal/valu/client/src/types/company.interface.ts": {"path":"/Users/sibabale.joja/projects/personal/valu/client/src/types/company.interface.ts","statementMap":{},"fnMap":{},"branchMap":{},"s":{},"f":{},"b":{}}
,"/Users/sibabale.joja/projects/personal/valu/client/src/utils/theme.ts": {"path":"/Users/sibabale.joja/projects/personal/valu/client/src/utils/theme.ts","statementMap":{"0":{"start":{"line":1,"column":21},"end":{"line":36,"column":1}}},"fnMap":{},"branchMap":{},"s":{"0":0},"f":{},"b":{}}
}
