TN:
SF:src/components/atoms/index.ts
FNF:0
FNH:0
LF:0
LH:0
BRF:0
BRH:0
end_of_record
TN:
SF:src/components/atoms/button/button.interface.ts
FNF:0
FNH:0
LF:0
LH:0
BRF:0
BRH:0
end_of_record
TN:
SF:src/components/atoms/button/button.styles.ts
FN:4,(anonymous_0)
FN:21,(anonymous_1)
FN:39,(anonymous_2)
FN:40,(anonymous_3)
FN:46,(anonymous_4)
FN:47,(anonymous_5)
FN:52,(anonymous_6)
FN:53,(anonymous_7)
FNF:8
FNH:8
FNDA:336,(anonymous_0)
FNDA:224,(anonymous_1)
FNDA:112,(anonymous_2)
FNDA:112,(anonymous_3)
FNDA:112,(anonymous_4)
FNDA:112,(anonymous_5)
FNDA:112,(anonymous_6)
FNDA:112,(anonymous_7)
DA:4,4
DA:5,336
DA:7,9
DA:9,54
DA:11,60
DA:13,45
DA:15,168
DA:17,0
DA:21,4
DA:22,224
DA:24,216
DA:26,0
DA:28,0
DA:30,8
DA:32,0
DA:34,0
DA:38,4
DA:39,112
DA:40,112
DA:46,112
DA:48,112
DA:51,4
DA:52,112
DA:53,112
LF:24
LH:19
BRDA:5,0,0,9
BRDA:5,0,1,54
BRDA:5,0,2,60
BRDA:5,0,3,45
BRDA:5,0,4,168
BRDA:5,0,5,0
BRDA:22,1,0,216
BRDA:22,1,1,0
BRDA:22,1,2,0
BRDA:22,1,3,8
BRDA:22,1,4,0
BRDA:22,1,5,0
BRDA:46,2,0,1
BRDA:46,2,1,111
BRF:14
BRH:9
end_of_record
TN:
SF:src/components/atoms/button/button.tsx
FN:5,(anonymous_0)
FNF:1
FNH:1
FNDA:112,(anonymous_0)
DA:5,4
DA:12,112
LF:2
LH:2
BRDA:7,0,0,3
BRDA:8,1,0,4
BRDA:9,2,0,111
BRF:3
BRH:3
end_of_record
TN:
SF:src/components/atoms/header/header.interface.ts
FNF:0
FNH:0
LF:0
LH:0
BRF:0
BRH:0
end_of_record
TN:
SF:src/components/atoms/header/header.styles.ts
FNF:0
FNH:0
DA:3,2
DA:11,2
DA:17,2
DA:26,2
LF:4
LH:4
BRF:0
BRH:0
end_of_record
TN:
SF:src/components/atoms/header/header.tsx
FN:7,(anonymous_0)
FNF:1
FNH:1
FNDA:31,(anonymous_0)
DA:7,2
DA:12,31
LF:2
LH:2
BRF:0
BRH:0
end_of_record
TN:
SF:src/components/atoms/icons/info.tsx
FN:3,(anonymous_0)
FNF:1
FNH:1
FNDA:31,(anonymous_0)
DA:3,2
DA:4,31
LF:2
LH:2
BRDA:3,0,0,0
BRF:1
BRH:0
end_of_record
TN:
SF:src/components/atoms/searchbar/searchbar.interface.ts
FNF:0
FNH:0
LF:0
LH:0
BRF:0
BRH:0
end_of_record
TN:
SF:src/components/atoms/searchbar/searchbar.styles.ts
FNF:0
FNH:0
DA:3,2
DA:8,2
DA:20,2
LF:3
LH:3
BRF:0
BRH:0
end_of_record
TN:
SF:src/components/atoms/searchbar/searchbar.tsx
FN:5,(anonymous_0)
FNF:1
FNH:1
FNDA:32,(anonymous_0)
DA:5,2
DA:11,32
LF:2
LH:2
BRDA:8,0,0,3
BRF:1
BRH:1
end_of_record
TN:
SF:src/components/molecules/index.ts
FNF:0
FNH:0
LF:0
LH:0
BRF:0
BRH:0
end_of_record
TN:
SF:src/components/molecules/company-card/companycard.interface.ts
FNF:0
FNH:0
LF:0
LH:0
BRF:0
BRH:0
end_of_record
TN:
SF:src/components/molecules/company-card/companycard.styles.ts
FN:34,(anonymous_0)
FN:75,(anonymous_1)
FN:85,(anonymous_2)
FNF:3
FNH:1
FNDA:108,(anonymous_0)
FNDA:0,(anonymous_1)
FNDA:0,(anonymous_2)
DA:7,3
DA:24,3
DA:30,3
DA:34,108
DA:40,3
DA:46,3
DA:50,3
DA:57,3
DA:63,3
DA:67,3
DA:74,3
DA:75,0
DA:82,3
DA:85,0
LF:14
LH:12
BRDA:85,0,0,0
BRDA:85,0,1,0
BRF:2
BRH:0
end_of_record
TN:
SF:src/components/molecules/company-card/companycard.tsx
FN:16,(anonymous_0)
FN:30,(anonymous_1)
FNF:2
FNH:2
FNDA:108,(anonymous_0)
FNDA:108,(anonymous_1)
DA:16,3
DA:17,108
DA:19,18
DA:21,19
DA:23,15
DA:25,56
DA:27,0
DA:30,3
DA:35,108
LF:9
LH:8
BRDA:17,0,0,18
BRDA:17,0,1,19
BRDA:17,0,2,15
BRDA:17,0,3,56
BRDA:17,0,4,0
BRF:5
BRH:4
end_of_record
TN:
SF:src/components/organisms/index.ts
FNF:0
FNH:0
LF:0
LH:0
BRF:0
BRH:0
end_of_record
TN:
SF:src/components/organisms/company-list/companylist.interface.ts
FNF:0
FNH:0
LF:0
LH:0
BRF:0
BRH:0
end_of_record
TN:
SF:src/components/organisms/company-list/companylist.styles.ts
FNF:0
FNH:0
DA:3,2
DA:8,2
DA:15,2
LF:3
LH:3
BRF:0
BRH:0
end_of_record
TN:
SF:src/components/organisms/company-list/companylist.tsx
FN:7,(anonymous_0)
FN:19,(anonymous_1)
FN:20,(anonymous_2)
FN:23,(anonymous_3)
FN:33,(anonymous_4)
FNF:5
FNH:5
FNDA:31,(anonymous_0)
FNDA:105,(anonymous_1)
FNDA:2,(anonymous_2)
FNDA:120,(anonymous_3)
FNDA:86,(anonymous_4)
DA:7,2
DA:11,31
DA:12,12
DA:19,19
DA:20,105
DA:23,120
DA:25,19
DA:33,86
LF:8
LH:8
BRDA:11,0,0,12
BRDA:11,0,1,19
BRF:2
BRH:2
end_of_record
TN:
SF:src/components/pages/index.ts
FNF:0
FNH:0
LF:0
LH:0
BRF:0
BRH:0
end_of_record
TN:
SF:src/components/pages/home-page/homepage.interface.ts
FNF:0
FNH:0
LF:0
LH:0
BRF:0
BRH:0
end_of_record
TN:
SF:src/components/pages/home-page/homepage.styles.ts
FNF:0
FNH:0
DA:3,1
DA:9,1
LF:2
LH:2
BRF:0
BRH:0
end_of_record
TN:
SF:src/components/pages/home-page/homepage.tsx
FN:12,(anonymous_0)
FN:19,(anonymous_1)
FN:20,(anonymous_2)
FN:27,(anonymous_3)
FN:31,(anonymous_4)
FN:35,(anonymous_5)
FNF:6
FNH:6
FNDA:28,(anonymous_0)
FNDA:14,(anonymous_1)
FNDA:98,(anonymous_2)
FNDA:10,(anonymous_3)
FNDA:1,(anonymous_4)
FNDA:1,(anonymous_5)
DA:12,1
DA:16,28
DA:17,28
DA:19,28
DA:20,14
DA:21,98
DA:24,14
DA:27,28
DA:28,10
DA:31,28
DA:32,1
DA:35,28
DA:36,1
DA:39,28
LF:14
LH:14
BRDA:21,0,0,98
BRDA:21,0,1,26
BRF:2
BRH:2
end_of_record
TN:
SF:src/navigation/index.tsx
FN:15,(anonymous_0)
FN:18,(anonymous_1)
FN:19,(anonymous_2)
FN:45,(anonymous_3)
FNF:4
FNH:0
FNDA:0,(anonymous_0)
FNDA:0,(anonymous_1)
FNDA:0,(anonymous_2)
FNDA:0,(anonymous_3)
DA:12,0
DA:13,0
DA:15,0
DA:16,0
DA:18,0
DA:22,0
DA:23,0
DA:24,0
DA:25,0
DA:26,0
DA:27,0
DA:29,0
DA:32,0
DA:45,0
DA:46,0
LF:15
LH:0
BRDA:22,0,0,0
BRDA:22,0,1,0
BRDA:23,1,0,0
BRDA:23,1,1,0
BRDA:24,2,0,0
BRDA:24,2,1,0
BRDA:25,3,0,0
BRDA:25,3,1,0
BRDA:26,4,0,0
BRDA:26,4,1,0
BRDA:27,5,0,0
BRDA:27,5,1,0
BRF:12
BRH:0
end_of_record
TN:
SF:src/screens/HomeScreen.tsx
FN:45,(anonymous_0)
FN:48,(anonymous_1)
FN:54,(anonymous_2)
FN:69,(anonymous_3)
FN:82,(anonymous_4)
FNF:5
FNH:0
FNDA:0,(anonymous_0)
FNDA:0,(anonymous_1)
FNDA:0,(anonymous_2)
FNDA:0,(anonymous_3)
FNDA:0,(anonymous_4)
DA:9,0
DA:17,0
DA:24,0
DA:33,0
DA:39,0
DA:45,0
DA:46,0
DA:47,0
DA:48,0
DA:51,0
DA:52,0
DA:54,0
DA:55,0
DA:69,0
DA:70,0
DA:82,0
DA:83,0
DA:86,0
LF:18
LH:0
BRDA:97,0,0,0
BRDA:97,0,1,0
BRDA:100,1,0,0
BRDA:100,1,1,0
BRDA:102,2,0,0
BRDA:102,2,1,0
BRF:6
BRH:0
end_of_record
TN:
SF:src/screens/ProfileScreen.tsx
FN:66,(anonymous_0)
FN:68,(anonymous_1)
FNF:2
FNH:0
FNDA:0,(anonymous_0)
FNDA:0,(anonymous_1)
DA:7,0
DA:13,0
DA:25,0
DA:36,0
DA:44,0
DA:51,0
DA:59,0
DA:66,0
DA:67,0
DA:68,0
DA:71,0
DA:72,0
DA:81,0
LF:13
LH:0
BRDA:71,0,0,0
BRDA:71,0,1,0
BRDA:71,1,0,0
BRDA:71,1,1,0
BRF:4
BRH:0
end_of_record
TN:
SF:src/screens/SettingsScreen.tsx
FN:45,(anonymous_0)
FNF:1
FNH:0
FNDA:0,(anonymous_0)
DA:6,0
DA:11,0
DA:16,0
DA:24,0
DA:32,0
DA:39,0
DA:45,0
DA:46,0
DA:47,0
DA:48,0
DA:50,0
LF:11
LH:0
BRDA:61,0,0,0
BRDA:61,0,1,0
BRDA:71,1,0,0
BRDA:71,1,1,0
BRDA:81,2,0,0
BRDA:81,2,1,0
BRF:6
BRH:0
end_of_record
TN:
SF:src/store/index.ts
FN:26,(anonymous_0)
FNF:1
FNH:0
FNDA:0,(anonymous_0)
DA:10,0
DA:16,0
DA:22,0
DA:24,0
DA:27,0
DA:34,0
LF:6
LH:0
BRF:0
BRH:0
end_of_record
TN:
SF:src/store/slices/authSlice.ts
FN:27,(anonymous_0)
FN:30,(anonymous_1)
FN:39,(anonymous_2)
FNF:3
FNH:0
FNDA:0,(anonymous_0)
FNDA:0,(anonymous_1)
FNDA:0,(anonymous_2)
DA:16,0
DA:23,0
DA:28,0
DA:34,0
DA:35,0
DA:36,0
DA:37,0
DA:40,0
DA:41,0
DA:42,0
DA:43,0
DA:48,0
LF:12
LH:0
BRF:0
BRH:0
end_of_record
TN:
SF:src/types/company.interface.ts
FNF:0
FNH:0
LF:0
LH:0
BRF:0
BRH:0
end_of_record
TN:
SF:src/utils/theme.ts
FNF:0
FNH:0
DA:1,0
LF:1
LH:0
BRF:0
BRH:0
end_of_record
